<?xml version="1.0" encoding="UTF-8"?>
<!-- Generated by org.testng.reporters.JUnitReportReporter -->
<testsuite skipped="0" hostname="Macminis-Mac-mini.local" name="com.report.test.execute" tests="1" failures="0" timestamp="31 Jan 2018 16:41:20 GMT" time="10.083" errors="0">
  <testcase name="executer" time="10.083" classname="com.report.test.execute"/>
</testsuite> <!-- com.report.test.execute -->
