<?xml version="1.0" encoding="UTF-8" ?>
<testsuite tests="23" failures="2" name="TestSuite" time="65.795" errors="0" skipped="21">
  <properties>
    <property name="java.runtime.name" value="Java(TM) SE Runtime Environment"/>
    <property name="sun.boot.library.path" value="C:\Program Files\Java\jdk1.8.0_181\jre\bin"/>
    <property name="java.vm.version" value="25.181-b13"/>
    <property name="java.vm.vendor" value="Oracle Corporation"/>
    <property name="java.vendor.url" value="http://java.oracle.com/"/>
    <property name="path.separator" value=";"/>
    <property name="java.vm.name" value="Java HotSpot(TM) 64-Bit Server VM"/>
    <property name="file.encoding.pkg" value="sun.io"/>
    <property name="user.script" value=""/>
    <property name="user.country" value="IN"/>
    <property name="sun.java.launcher" value="SUN_STANDARD"/>
    <property name="sun.os.patch.level" value=""/>
    <property name="java.vm.specification.name" value="Java Virtual Machine Specification"/>
    <property name="user.dir" value="D:\Bhavishya\POC\Dpl_code _given _by sateesh\DPL_Automation"/>
    <property name="java.runtime.version" value="1.8.0_181-b13"/>
    <property name="java.awt.graphicsenv" value="sun.awt.Win32GraphicsEnvironment"/>
    <property name="basedir" value="D:\Bhavishya\POC\Dpl_code _given _by sateesh\DPL_Automation"/>
    <property name="java.endorsed.dirs" value="C:\Program Files\Java\jdk1.8.0_181\jre\lib\endorsed"/>
    <property name="os.arch" value="amd64"/>
    <property name="surefire.real.class.path" value="C:\Users\BHAVIS~1\AppData\Local\Temp\surefirebooter7033558504344756608.jar;C:\Users\bhavishya\.m2\repository/org/aspectj/aspectjweaver/1.8.5/aspectjweaver-1.8.5.jar"/>
    <property name="java.io.tmpdir" value="C:\Users\BHAVIS~1\AppData\Local\Temp\"/>
    <property name="line.separator" value="
"/>
    <property name="java.vm.specification.vendor" value="Oracle Corporation"/>
    <property name="user.variant" value=""/>
    <property name="os.name" value="Windows 10"/>
    <property name="sun.jnu.encoding" value="Cp1252"/>
    <property name="java.library.path" value="C:\Program Files\Java\jdk1.8.0_181\jre\bin;C:\WINDOWS\Sun\Java\bin;C:\WINDOWS\system32;C:\WINDOWS;C:/Program Files/Java/jre1.8.0_181/bin/server;C:/Program Files/Java/jre1.8.0_181/bin;C:/Program Files/Java/jre1.8.0_181/lib/amd64;C:\Program Files (x86)\Common Files\Oracle\Java\javapath;C:\Program Files\Java\jdk1.8.0_161\bin;C:\Windows\System32;D:\Bhavishya\Bhavishya\Automation\apache-jmeter-4.0\bin;D:\Bhavishya\Bhavishya\Automation\apache-maven-3.5.0\bin;C:\Program Files (x86)\IBM\Client Access\Emulator;C:\Program Files (x86)\IBM\Client Access\Shared;C:\Program Files (x86)\IBM\Client Access\;D:\Bhavishya\Bhavishya\Automation\apache-maven-3.5.0\bin;C:\Program Files\Java\jre1.8.0_161\bin;C:\Users\bhavishya\Desktop;;."/>
    <property name="surefire.test.class.path" value="D:\Bhavishya\POC\Dpl_code _given _by sateesh\DPL_Automation\target\test-classes;D:\Bhavishya\POC\Dpl_code _given _by sateesh\DPL_Automation\target\classes;C:\Users\bhavishya\.m2\repository\org\jsoup\jsoup\1.11.3\jsoup-1.11.3.jar;C:\Users\bhavishya\.m2\repository\org\apache\poi\poi\3.17\poi-3.17.jar;C:\Users\bhavishya\.m2\repository\commons-codec\commons-codec\1.10\commons-codec-1.10.jar;C:\Users\bhavishya\.m2\repository\org\apache\commons\commons-collections4\4.1\commons-collections4-4.1.jar;C:\Users\bhavishya\.m2\repository\org\apache\poi\poi-ooxml\3.17\poi-ooxml-3.17.jar;C:\Users\bhavishya\.m2\repository\org\apache\poi\poi-ooxml-schemas\3.17\poi-ooxml-schemas-3.17.jar;C:\Users\bhavishya\.m2\repository\org\apache\xmlbeans\xmlbeans\2.6.0\xmlbeans-2.6.0.jar;C:\Users\bhavishya\.m2\repository\stax\stax-api\1.0.1\stax-api-1.0.1.jar;C:\Users\bhavishya\.m2\repository\com\github\virtuald\curvesapi\1.04\curvesapi-1.04.jar;C:\Users\bhavishya\.m2\repository\org\seleniumhq\selenium\selenium-server\3.11.0\selenium-server-3.11.0.jar;C:\Users\bhavishya\.m2\repository\org\seleniumhq\selenium\selenium-api\3.11.0\selenium-api-3.11.0.jar;C:\Users\bhavishya\.m2\repository\org\seleniumhq\selenium\selenium-chrome-driver\3.11.0\selenium-chrome-driver-3.11.0.jar;C:\Users\bhavishya\.m2\repository\org\seleniumhq\selenium\selenium-edge-driver\3.11.0\selenium-edge-driver-3.11.0.jar;C:\Users\bhavishya\.m2\repository\org\seleniumhq\selenium\selenium-firefox-driver\3.11.0\selenium-firefox-driver-3.11.0.jar;C:\Users\bhavishya\.m2\repository\org\seleniumhq\selenium\selenium-ie-driver\3.11.0\selenium-ie-driver-3.11.0.jar;C:\Users\bhavishya\.m2\repository\org\seleniumhq\selenium\selenium-opera-driver\3.11.0\selenium-opera-driver-3.11.0.jar;C:\Users\bhavishya\.m2\repository\org\seleniumhq\selenium\selenium-remote-driver\3.11.0\selenium-remote-driver-3.11.0.jar;C:\Users\bhavishya\.m2\repository\org\seleniumhq\selenium\selenium-safari-driver\3.11.0\selenium-safari-driver-3.11.0.jar;C:\Users\bhavishya\.m2\repository\org\seleniumhq\selenium\selenium-support\3.11.0\selenium-support-3.11.0.jar;C:\Users\bhavishya\.m2\repository\com\beust\jcommander\1.72\jcommander-1.72.jar;C:\Users\bhavishya\.m2\repository\net\bytebuddy\byte-buddy\1.7.9\byte-buddy-1.7.9.jar;C:\Users\bhavishya\.m2\repository\org\apache\commons\commons-exec\1.3\commons-exec-1.3.jar;C:\Users\bhavishya\.m2\repository\org\apache\commons\commons-lang3\3.7\commons-lang3-3.7.jar;C:\Users\bhavishya\.m2\repository\org\apache\commons\commons-text\1.1\commons-text-1.1.jar;C:\Users\bhavishya\.m2\repository\commons-io\commons-io\2.6\commons-io-2.6.jar;C:\Users\bhavishya\.m2\repository\commons-logging\commons-logging\1.2\commons-logging-1.2.jar;C:\Users\bhavishya\.m2\repository\commons-net\commons-net\3.6\commons-net-3.6.jar;C:\Users\bhavishya\.m2\repository\org\w3c\css\sac\1.3\sac-1.3.jar;C:\Users\bhavishya\.m2\repository\net\sourceforge\cssparser\cssparser\0.9.24\cssparser-0.9.24.jar;C:\Users\bhavishya\.m2\repository\com\google\code\gson\gson\2.8.2\gson-2.8.2.jar;C:\Users\bhavishya\.m2\repository\com\google\guava\guava\23.6-jre\guava-23.6-jre.jar;C:\Users\bhavishya\.m2\repository\com\google\code\findbugs\jsr305\1.3.9\jsr305-1.3.9.jar;C:\Users\bhavishya\.m2\repository\org\checkerframework\checker-compat-qual\2.0.0\checker-compat-qual-2.0.0.jar;C:\Users\bhavishya\.m2\repository\com\google\errorprone\error_prone_annotations\2.1.3\error_prone_annotations-2.1.3.jar;C:\Users\bhavishya\.m2\repository\com\google\j2objc\j2objc-annotations\1.1\j2objc-annotations-1.1.jar;C:\Users\bhavishya\.m2\repository\org\codehaus\mojo\animal-sniffer-annotations\1.14\animal-sniffer-annotations-1.14.jar;C:\Users\bhavishya\.m2\repository\net\sourceforge\htmlunit\htmlunit\2.29\htmlunit-2.29.jar;C:\Users\bhavishya\.m2\repository\net\sourceforge\htmlunit\htmlunit-core-js\2.28\htmlunit-core-js-2.28.jar;C:\Users\bhavishya\.m2\repository\net\sourceforge\htmlunit\neko-htmlunit\2.28\neko-htmlunit-2.28.jar;C:\Users\bhavishya\.m2\repository\org\apache\httpcomponents\httpclient\4.5.3\httpclient-4.5.3.jar;C:\Users\bhavishya\.m2\repository\org\apache\httpcomponents\httpcore\4.4.6\httpcore-4.4.6.jar;C:\Users\bhavishya\.m2\repository\org\apache\httpcomponents\httpmime\4.5.3\httpmime-4.5.3.jar;C:\Users\bhavishya\.m2\repository\net\jcip\jcip-annotations\1.0\jcip-annotations-1.0.jar;C:\Users\bhavishya\.m2\repository\org\seleniumhq\selenium\jetty-repacked\9.4.7.v20171121\jetty-repacked-9.4.7.v20171121.jar;C:\Users\bhavishya\.m2\repository\org\eclipse\jetty\jetty-client\9.4.7.v20170914\jetty-client-9.4.7.v20170914.jar;C:\Users\bhavishya\.m2\repository\org\eclipse\jetty\jetty-http\9.4.8.v20171121\jetty-http-9.4.8.v20171121.jar;C:\Users\bhavishya\.m2\repository\org\eclipse\jetty\jetty-io\9.4.8.v20171121\jetty-io-9.4.8.v20171121.jar;C:\Users\bhavishya\.m2\repository\org\eclipse\jetty\jetty-util\9.4.8.v20171121\jetty-util-9.4.8.v20171121.jar;C:\Users\bhavishya\.m2\repository\org\eclipse\jetty\jetty-xml\9.4.7.v20170914\jetty-xml-9.4.7.v20170914.jar;C:\Users\bhavishya\.m2\repository\com\squareup\okhttp3\okhttp\3.9.1\okhttp-3.9.1.jar;C:\Users\bhavishya\.m2\repository\com\squareup\okio\okio\1.13.0\okio-1.13.0.jar;C:\Users\bhavishya\.m2\repository\org\seleniumhq\selenium\htmlunit-driver\2.29.0\htmlunit-driver-2.29.0.jar;C:\Users\bhavishya\.m2\repository\javax\servlet\javax.servlet-api\3.1.0\javax.servlet-api-3.1.0.jar;C:\Users\bhavishya\.m2\repository\org\eclipse\jetty\websocket\websocket-api\9.4.7.v20170914\websocket-api-9.4.7.v20170914.jar;C:\Users\bhavishya\.m2\repository\org\eclipse\jetty\websocket\websocket-client\9.4.7.v20170914\websocket-client-9.4.7.v20170914.jar;C:\Users\bhavishya\.m2\repository\org\eclipse\jetty\websocket\websocket-common\9.4.7.v20170914\websocket-common-9.4.7.v20170914.jar;C:\Users\bhavishya\.m2\repository\xalan\serializer\2.7.2\serializer-2.7.2.jar;C:\Users\bhavishya\.m2\repository\xalan\xalan\2.7.2\xalan-2.7.2.jar;C:\Users\bhavishya\.m2\repository\xerces\xercesImpl\2.11.0\xercesImpl-2.11.0.jar;C:\Users\bhavishya\.m2\repository\xml-apis\xml-apis\1.4.01\xml-apis-1.4.01.jar;C:\Users\bhavishya\.m2\repository\org\yaml\snakeyaml\1.19\snakeyaml-1.19.jar;C:\Users\bhavishya\.m2\repository\org\seleniumhq\selenium\selenium-java\3.11.0\selenium-java-3.11.0.jar;C:\Users\bhavishya\.m2\repository\org\apache\pdfbox\pdfbox\2.0.9\pdfbox-2.0.9.jar;C:\Users\bhavishya\.m2\repository\org\apache\pdfbox\fontbox\2.0.9\fontbox-2.0.9.jar;C:\Users\bhavishya\.m2\repository\org\json\json\20180130\json-20180130.jar;C:\Users\bhavishya\.m2\repository\com\googlecode\json-simple\json-simple\1.1.1\json-simple-1.1.1.jar;C:\Users\bhavishya\.m2\repository\junit\junit\4.10\junit-4.10.jar;C:\Users\bhavishya\.m2\repository\org\hamcrest\hamcrest-core\1.1\hamcrest-core-1.1.jar;C:\Users\bhavishya\.m2\repository\com\fasterxml\jackson\core\jackson-databind\2.9.5\jackson-databind-2.9.5.jar;C:\Users\bhavishya\.m2\repository\com\fasterxml\jackson\core\jackson-annotations\2.9.0\jackson-annotations-2.9.0.jar;C:\Users\bhavishya\.m2\repository\com\fasterxml\jackson\core\jackson-core\2.9.5\jackson-core-2.9.5.jar;C:\Users\bhavishya\.m2\repository\org\skyscreamer\jsonassert\1.2.3\jsonassert-1.2.3.jar;C:\Users\bhavishya\.m2\repository\org\testng\testng\6.9.4\testng-6.9.4.jar;C:\Users\bhavishya\.m2\repository\org\beanshell\bsh\2.0b4\bsh-2.0b4.jar;C:\Users\bhavishya\.m2\repository\ru\yandex\qatools\allure\allure-testng-adaptor\1.4.16\allure-testng-adaptor-1.4.16.jar;C:\Users\bhavishya\.m2\repository\ru\yandex\qatools\allure\allure-java-aspects\1.4.16\allure-java-aspects-1.4.16.jar;C:\Users\bhavishya\.m2\repository\ru\yandex\qatools\allure\allure-java-adaptor-api\1.4.16\allure-java-adaptor-api-1.4.16.jar;C:\Users\bhavishya\.m2\repository\ru\yandex\qatools\allure\allure-java-annotations\1.4.16\allure-java-annotations-1.4.16.jar;C:\Users\bhavishya\.m2\repository\ru\yandex\qatools\allure\allure-model\1.4.16\allure-model-1.4.16.jar;C:\Users\bhavishya\.m2\repository\org\jvnet\jaxb2_commons\jaxb2-basics-runtime\0.9.3\jaxb2-basics-runtime-0.9.3.jar;C:\Users\bhavishya\.m2\repository\ru\yandex\qatools\properties\properties-loader\1.5\properties-loader-1.5.jar;C:\Users\bhavishya\.m2\repository\commons-beanutils\commons-beanutils-core\1.8.3\commons-beanutils-core-1.8.3.jar;C:\Users\bhavishya\.m2\repository\org\apache\tika\tika-core\1.7\tika-core-1.7.jar;C:\Users\bhavishya\.m2\repository\org\aspectj\aspectjrt\1.8.3\aspectjrt-1.8.3.jar;C:\Users\bhavishya\.m2\repository\org\aspectj\aspectjweaver\1.8.5\aspectjweaver-1.8.5.jar;C:\Users\bhavishya\.m2\repository\org\slf4j\slf4j-api\1.7.25\slf4j-api-1.7.25.jar;C:\Users\bhavishya\.m2\repository\org\slf4j\slf4j-jdk14\1.7.25\slf4j-jdk14-1.7.25.jar;C:\Users\bhavishya\.m2\repository\pmd\pmd\4.3\pmd-4.3.jar;C:\Users\bhavishya\.m2\repository\ant\ant\1.6\ant-1.6.jar;C:\Users\bhavishya\.m2\repository\jaxen\jaxen\1.1.1\jaxen-1.1.1.jar;C:\Users\bhavishya\.m2\repository\dom4j\dom4j\1.6.1\dom4j-1.6.1.jar;C:\Users\bhavishya\.m2\repository\jdom\jdom\1.0\jdom-1.0.jar;C:\Users\bhavishya\.m2\repository\xom\xom\1.0\xom-1.0.jar;C:\Users\bhavishya\.m2\repository\xerces\xmlParserAPIs\2.6.2\xmlParserAPIs-2.6.2.jar;C:\Users\bhavishya\.m2\repository\com\ibm\icu\icu4j\2.6.1\icu4j-2.6.1.jar;C:\Users\bhavishya\.m2\repository\asm\asm\3.2\asm-3.2.jar;C:\Users\bhavishya\.m2\repository\javax\mail\mail\1.4\mail-1.4.jar;C:\Users\bhavishya\.m2\repository\javax\activation\activation\1.1\activation-1.1.jar;"/>
    <property name="java.specification.name" value="Java Platform API Specification"/>
    <property name="java.class.version" value="52.0"/>
    <property name="sun.management.compiler" value="HotSpot 64-Bit Tiered Compilers"/>
    <property name="os.version" value="10.0"/>
    <property name="user.home" value="C:\Users\bhavishya"/>
    <property name="user.timezone" value="Asia/Calcutta"/>
    <property name="java.awt.printerjob" value="sun.awt.windows.WPrinterJob"/>
    <property name="java.specification.version" value="1.8"/>
    <property name="file.encoding" value="Cp1252"/>
    <property name="user.name" value="Bhavishya"/>
    <property name="java.class.path" value="D:\Bhavishya\POC\Dpl_code _given _by sateesh\DPL_Automation\target\test-classes;D:\Bhavishya\POC\Dpl_code _given _by sateesh\DPL_Automation\target\classes;C:\Users\bhavishya\.m2\repository\org\jsoup\jsoup\1.11.3\jsoup-1.11.3.jar;C:\Users\bhavishya\.m2\repository\org\apache\poi\poi\3.17\poi-3.17.jar;C:\Users\bhavishya\.m2\repository\commons-codec\commons-codec\1.10\commons-codec-1.10.jar;C:\Users\bhavishya\.m2\repository\org\apache\commons\commons-collections4\4.1\commons-collections4-4.1.jar;C:\Users\bhavishya\.m2\repository\org\apache\poi\poi-ooxml\3.17\poi-ooxml-3.17.jar;C:\Users\bhavishya\.m2\repository\org\apache\poi\poi-ooxml-schemas\3.17\poi-ooxml-schemas-3.17.jar;C:\Users\bhavishya\.m2\repository\org\apache\xmlbeans\xmlbeans\2.6.0\xmlbeans-2.6.0.jar;C:\Users\bhavishya\.m2\repository\stax\stax-api\1.0.1\stax-api-1.0.1.jar;C:\Users\bhavishya\.m2\repository\com\github\virtuald\curvesapi\1.04\curvesapi-1.04.jar;C:\Users\bhavishya\.m2\repository\org\seleniumhq\selenium\selenium-server\3.11.0\selenium-server-3.11.0.jar;C:\Users\bhavishya\.m2\repository\org\seleniumhq\selenium\selenium-api\3.11.0\selenium-api-3.11.0.jar;C:\Users\bhavishya\.m2\repository\org\seleniumhq\selenium\selenium-chrome-driver\3.11.0\selenium-chrome-driver-3.11.0.jar;C:\Users\bhavishya\.m2\repository\org\seleniumhq\selenium\selenium-edge-driver\3.11.0\selenium-edge-driver-3.11.0.jar;C:\Users\bhavishya\.m2\repository\org\seleniumhq\selenium\selenium-firefox-driver\3.11.0\selenium-firefox-driver-3.11.0.jar;C:\Users\bhavishya\.m2\repository\org\seleniumhq\selenium\selenium-ie-driver\3.11.0\selenium-ie-driver-3.11.0.jar;C:\Users\bhavishya\.m2\repository\org\seleniumhq\selenium\selenium-opera-driver\3.11.0\selenium-opera-driver-3.11.0.jar;C:\Users\bhavishya\.m2\repository\org\seleniumhq\selenium\selenium-remote-driver\3.11.0\selenium-remote-driver-3.11.0.jar;C:\Users\bhavishya\.m2\repository\org\seleniumhq\selenium\selenium-safari-driver\3.11.0\selenium-safari-driver-3.11.0.jar;C:\Users\bhavishya\.m2\repository\org\seleniumhq\selenium\selenium-support\3.11.0\selenium-support-3.11.0.jar;C:\Users\bhavishya\.m2\repository\com\beust\jcommander\1.72\jcommander-1.72.jar;C:\Users\bhavishya\.m2\repository\net\bytebuddy\byte-buddy\1.7.9\byte-buddy-1.7.9.jar;C:\Users\bhavishya\.m2\repository\org\apache\commons\commons-exec\1.3\commons-exec-1.3.jar;C:\Users\bhavishya\.m2\repository\org\apache\commons\commons-lang3\3.7\commons-lang3-3.7.jar;C:\Users\bhavishya\.m2\repository\org\apache\commons\commons-text\1.1\commons-text-1.1.jar;C:\Users\bhavishya\.m2\repository\commons-io\commons-io\2.6\commons-io-2.6.jar;C:\Users\bhavishya\.m2\repository\commons-logging\commons-logging\1.2\commons-logging-1.2.jar;C:\Users\bhavishya\.m2\repository\commons-net\commons-net\3.6\commons-net-3.6.jar;C:\Users\bhavishya\.m2\repository\org\w3c\css\sac\1.3\sac-1.3.jar;C:\Users\bhavishya\.m2\repository\net\sourceforge\cssparser\cssparser\0.9.24\cssparser-0.9.24.jar;C:\Users\bhavishya\.m2\repository\com\google\code\gson\gson\2.8.2\gson-2.8.2.jar;C:\Users\bhavishya\.m2\repository\com\google\guava\guava\23.6-jre\guava-23.6-jre.jar;C:\Users\bhavishya\.m2\repository\com\google\code\findbugs\jsr305\1.3.9\jsr305-1.3.9.jar;C:\Users\bhavishya\.m2\repository\org\checkerframework\checker-compat-qual\2.0.0\checker-compat-qual-2.0.0.jar;C:\Users\bhavishya\.m2\repository\com\google\errorprone\error_prone_annotations\2.1.3\error_prone_annotations-2.1.3.jar;C:\Users\bhavishya\.m2\repository\com\google\j2objc\j2objc-annotations\1.1\j2objc-annotations-1.1.jar;C:\Users\bhavishya\.m2\repository\org\codehaus\mojo\animal-sniffer-annotations\1.14\animal-sniffer-annotations-1.14.jar;C:\Users\bhavishya\.m2\repository\net\sourceforge\htmlunit\htmlunit\2.29\htmlunit-2.29.jar;C:\Users\bhavishya\.m2\repository\net\sourceforge\htmlunit\htmlunit-core-js\2.28\htmlunit-core-js-2.28.jar;C:\Users\bhavishya\.m2\repository\net\sourceforge\htmlunit\neko-htmlunit\2.28\neko-htmlunit-2.28.jar;C:\Users\bhavishya\.m2\repository\org\apache\httpcomponents\httpclient\4.5.3\httpclient-4.5.3.jar;C:\Users\bhavishya\.m2\repository\org\apache\httpcomponents\httpcore\4.4.6\httpcore-4.4.6.jar;C:\Users\bhavishya\.m2\repository\org\apache\httpcomponents\httpmime\4.5.3\httpmime-4.5.3.jar;C:\Users\bhavishya\.m2\repository\net\jcip\jcip-annotations\1.0\jcip-annotations-1.0.jar;C:\Users\bhavishya\.m2\repository\org\seleniumhq\selenium\jetty-repacked\9.4.7.v20171121\jetty-repacked-9.4.7.v20171121.jar;C:\Users\bhavishya\.m2\repository\org\eclipse\jetty\jetty-client\9.4.7.v20170914\jetty-client-9.4.7.v20170914.jar;C:\Users\bhavishya\.m2\repository\org\eclipse\jetty\jetty-http\9.4.8.v20171121\jetty-http-9.4.8.v20171121.jar;C:\Users\bhavishya\.m2\repository\org\eclipse\jetty\jetty-io\9.4.8.v20171121\jetty-io-9.4.8.v20171121.jar;C:\Users\bhavishya\.m2\repository\org\eclipse\jetty\jetty-util\9.4.8.v20171121\jetty-util-9.4.8.v20171121.jar;C:\Users\bhavishya\.m2\repository\org\eclipse\jetty\jetty-xml\9.4.7.v20170914\jetty-xml-9.4.7.v20170914.jar;C:\Users\bhavishya\.m2\repository\com\squareup\okhttp3\okhttp\3.9.1\okhttp-3.9.1.jar;C:\Users\bhavishya\.m2\repository\com\squareup\okio\okio\1.13.0\okio-1.13.0.jar;C:\Users\bhavishya\.m2\repository\org\seleniumhq\selenium\htmlunit-driver\2.29.0\htmlunit-driver-2.29.0.jar;C:\Users\bhavishya\.m2\repository\javax\servlet\javax.servlet-api\3.1.0\javax.servlet-api-3.1.0.jar;C:\Users\bhavishya\.m2\repository\org\eclipse\jetty\websocket\websocket-api\9.4.7.v20170914\websocket-api-9.4.7.v20170914.jar;C:\Users\bhavishya\.m2\repository\org\eclipse\jetty\websocket\websocket-client\9.4.7.v20170914\websocket-client-9.4.7.v20170914.jar;C:\Users\bhavishya\.m2\repository\org\eclipse\jetty\websocket\websocket-common\9.4.7.v20170914\websocket-common-9.4.7.v20170914.jar;C:\Users\bhavishya\.m2\repository\xalan\serializer\2.7.2\serializer-2.7.2.jar;C:\Users\bhavishya\.m2\repository\xalan\xalan\2.7.2\xalan-2.7.2.jar;C:\Users\bhavishya\.m2\repository\xerces\xercesImpl\2.11.0\xercesImpl-2.11.0.jar;C:\Users\bhavishya\.m2\repository\xml-apis\xml-apis\1.4.01\xml-apis-1.4.01.jar;C:\Users\bhavishya\.m2\repository\org\yaml\snakeyaml\1.19\snakeyaml-1.19.jar;C:\Users\bhavishya\.m2\repository\org\seleniumhq\selenium\selenium-java\3.11.0\selenium-java-3.11.0.jar;C:\Users\bhavishya\.m2\repository\org\apache\pdfbox\pdfbox\2.0.9\pdfbox-2.0.9.jar;C:\Users\bhavishya\.m2\repository\org\apache\pdfbox\fontbox\2.0.9\fontbox-2.0.9.jar;C:\Users\bhavishya\.m2\repository\org\json\json\20180130\json-20180130.jar;C:\Users\bhavishya\.m2\repository\com\googlecode\json-simple\json-simple\1.1.1\json-simple-1.1.1.jar;C:\Users\bhavishya\.m2\repository\junit\junit\4.10\junit-4.10.jar;C:\Users\bhavishya\.m2\repository\org\hamcrest\hamcrest-core\1.1\hamcrest-core-1.1.jar;C:\Users\bhavishya\.m2\repository\com\fasterxml\jackson\core\jackson-databind\2.9.5\jackson-databind-2.9.5.jar;C:\Users\bhavishya\.m2\repository\com\fasterxml\jackson\core\jackson-annotations\2.9.0\jackson-annotations-2.9.0.jar;C:\Users\bhavishya\.m2\repository\com\fasterxml\jackson\core\jackson-core\2.9.5\jackson-core-2.9.5.jar;C:\Users\bhavishya\.m2\repository\org\skyscreamer\jsonassert\1.2.3\jsonassert-1.2.3.jar;C:\Users\bhavishya\.m2\repository\org\testng\testng\6.9.4\testng-6.9.4.jar;C:\Users\bhavishya\.m2\repository\org\beanshell\bsh\2.0b4\bsh-2.0b4.jar;C:\Users\bhavishya\.m2\repository\ru\yandex\qatools\allure\allure-testng-adaptor\1.4.16\allure-testng-adaptor-1.4.16.jar;C:\Users\bhavishya\.m2\repository\ru\yandex\qatools\allure\allure-java-aspects\1.4.16\allure-java-aspects-1.4.16.jar;C:\Users\bhavishya\.m2\repository\ru\yandex\qatools\allure\allure-java-adaptor-api\1.4.16\allure-java-adaptor-api-1.4.16.jar;C:\Users\bhavishya\.m2\repository\ru\yandex\qatools\allure\allure-java-annotations\1.4.16\allure-java-annotations-1.4.16.jar;C:\Users\bhavishya\.m2\repository\ru\yandex\qatools\allure\allure-model\1.4.16\allure-model-1.4.16.jar;C:\Users\bhavishya\.m2\repository\org\jvnet\jaxb2_commons\jaxb2-basics-runtime\0.9.3\jaxb2-basics-runtime-0.9.3.jar;C:\Users\bhavishya\.m2\repository\ru\yandex\qatools\properties\properties-loader\1.5\properties-loader-1.5.jar;C:\Users\bhavishya\.m2\repository\commons-beanutils\commons-beanutils-core\1.8.3\commons-beanutils-core-1.8.3.jar;C:\Users\bhavishya\.m2\repository\org\apache\tika\tika-core\1.7\tika-core-1.7.jar;C:\Users\bhavishya\.m2\repository\org\aspectj\aspectjrt\1.8.3\aspectjrt-1.8.3.jar;C:\Users\bhavishya\.m2\repository\org\aspectj\aspectjweaver\1.8.5\aspectjweaver-1.8.5.jar;C:\Users\bhavishya\.m2\repository\org\slf4j\slf4j-api\1.7.25\slf4j-api-1.7.25.jar;C:\Users\bhavishya\.m2\repository\org\slf4j\slf4j-jdk14\1.7.25\slf4j-jdk14-1.7.25.jar;C:\Users\bhavishya\.m2\repository\pmd\pmd\4.3\pmd-4.3.jar;C:\Users\bhavishya\.m2\repository\ant\ant\1.6\ant-1.6.jar;C:\Users\bhavishya\.m2\repository\jaxen\jaxen\1.1.1\jaxen-1.1.1.jar;C:\Users\bhavishya\.m2\repository\dom4j\dom4j\1.6.1\dom4j-1.6.1.jar;C:\Users\bhavishya\.m2\repository\jdom\jdom\1.0\jdom-1.0.jar;C:\Users\bhavishya\.m2\repository\xom\xom\1.0\xom-1.0.jar;C:\Users\bhavishya\.m2\repository\xerces\xmlParserAPIs\2.6.2\xmlParserAPIs-2.6.2.jar;C:\Users\bhavishya\.m2\repository\com\ibm\icu\icu4j\2.6.1\icu4j-2.6.1.jar;C:\Users\bhavishya\.m2\repository\asm\asm\3.2\asm-3.2.jar;C:\Users\bhavishya\.m2\repository\javax\mail\mail\1.4\mail-1.4.jar;C:\Users\bhavishya\.m2\repository\javax\activation\activation\1.1\activation-1.1.jar;"/>
    <property name="java.vm.specification.version" value="1.8"/>
    <property name="sun.arch.data.model" value="64"/>
    <property name="java.home" value="C:\Program Files\Java\jdk1.8.0_181\jre"/>
    <property name="sun.java.command" value="C:\Users\BHAVIS~1\AppData\Local\Temp\surefirebooter7033558504344756608.jar C:\Users\BHAVIS~1\AppData\Local\Temp\surefire101929404802076233tmp C:\Users\BHAVIS~1\AppData\Local\Temp\surefire5529039490129619795tmp"/>
    <property name="java.specification.vendor" value="Oracle Corporation"/>
    <property name="user.language" value="en"/>
    <property name="awt.toolkit" value="sun.awt.windows.WToolkit"/>
    <property name="java.vm.info" value="mixed mode"/>
    <property name="java.version" value="1.8.0_181"/>
    <property name="java.ext.dirs" value="C:\Program Files\Java\jdk1.8.0_181\jre\lib\ext;C:\WINDOWS\Sun\Java\lib\ext"/>
    <property name="sun.boot.class.path" value="C:\Program Files\Java\jdk1.8.0_181\jre\lib\resources.jar;C:\Program Files\Java\jdk1.8.0_181\jre\lib\rt.jar;C:\Program Files\Java\jdk1.8.0_181\jre\lib\sunrsasign.jar;C:\Program Files\Java\jdk1.8.0_181\jre\lib\jsse.jar;C:\Program Files\Java\jdk1.8.0_181\jre\lib\jce.jar;C:\Program Files\Java\jdk1.8.0_181\jre\lib\charsets.jar;C:\Program Files\Java\jdk1.8.0_181\jre\lib\jfr.jar;C:\Program Files\Java\jdk1.8.0_181\jre\classes"/>
    <property name="webdriver.chrome.driver" value="D:\Bhavishya\POC\Dpl_code _given _by sateesh\DPL_Automation\lib\chromedriver.exe"/>
    <property name="java.vendor" value="Oracle Corporation"/>
    <property name="localRepository" value="C:\Users\bhavishya\.m2\repository"/>
    <property name="file.separator" value="\"/>
    <property name="java.vendor.url.bug" value="http://bugreport.sun.com/bugreport/"/>
    <property name="sun.cpu.endian" value="little"/>
    <property name="sun.io.unicode.encoding" value="UnicodeLittle"/>
    <property name="sun.desktop" value="windows"/>
    <property name="sun.cpu.isalist" value="amd64"/>
  </properties>
  <testcase classname="Cosmos_Testcases.LATraditionalstppass" name="selectNBSBranchInward" time="37.222">
    <failure message="Bucket not completed" type="java.lang.AssertionError">java.lang.AssertionError: Bucket not completed
	at org.testng.Assert.fail(Assert.java:94)
	at pageObjectClasses.NBSBranchInward.branchInward_details(NBSBranchInward.java:345)
	at Cosmos_Testcases.LATraditionalstppass.selectNBSBranchInward(LATraditionalstppass.java:83)
</failure>
    <system-err>Sep 20, 2018 7:38:58 PM org.openqa.selenium.remote.ProtocolHandshake createSession
INFO: Detected dialect: OSS
Sep 20, 2018 7:39:04 PM utilities.ReusableFunctions testCaseData
INFO: sheet Name not matched with test data
Sep 20, 2018 7:39:20 PM pageObjectClasses.NBSBranchInward HoveronNs
INFO: Clicked on Branch Inward
Sep 20, 2018 7:39:20 PM utilities.ReusableFunctions testCaseData
INFO: sheet Name not matched with test data
Sep 20, 2018 7:39:20 PM utilities.ReusableFunctions testCaseData
INFO: sheet Name not matched with test data
Sep 20, 2018 7:39:20 PM utilities.ReusableFunctions genarateProposalNumber
INFO: Random Proposal number generated : MNB8744346
Sep 20, 2018 7:39:22 PM pageObjectClasses.NBSBranchInward set_proposal_num
INFO: Enter proposal num : MNB8744346
Sep 20, 2018 7:39:30 PM utilities.ReusableFunctions selectByDropdown_Excel
INFO: Selected option is : Agent Code
Sep 20, 2018 7:39:30 PM utilities.ReusableFunctions enterData_Excel
INFO: Enter data :70031411
</system-err>
  </testcase>
  <testcase classname="Cosmos_Testcases.LATraditionalstppass" name="submitReciept" time="37.237">
    <skipped/>
  </testcase>
  <testcase classname="Cosmos_Testcases.LATraditionalstppass" name="pendingBranchScrutny" time="37.24">
    <skipped/>
  </testcase>
  <testcase classname="Cosmos_Testcases.LATraditionalstppass" name="selectDispatch" time="37.241">
    <skipped/>
  </testcase>
  <testcase classname="Cosmos_Testcases.LATraditionalstppass" name="scanAndIndex" time="37.241">
    <skipped/>
  </testcase>
  <testcase classname="Cosmos_Testcases.LATraditionalstppass" name="copsInwardBucket" time="37.242">
    <skipped/>
  </testcase>
  <testcase classname="Cosmos_Testcases.LATraditionalstppass" name="nbsDataEntry" time="37.243">
    <skipped/>
  </testcase>
  <testcase classname="Cosmos_Testcases.LATraditionalstppass" name="copsQc" time="37.244">
    <skipped/>
  </testcase>
  <testcase classname="Cosmos_Testcases.LATraditionalstppass" name="applicationTracker" time="37.245">
    <skipped/>
  </testcase>
  <testcase classname="Cosmos_Testcases.LATraditionalstppass" name="proposalEnquiry" time="37.245">
    <skipped/>
  </testcase>
  <testcase classname="Cosmos_Testcases.LACosmosToIL" name="beforeTest" time="56.295">
    <failure message="chrome not reachable
  (Session info: chrome=69.0.3497.100)
  (Driver info: chromedriver=2.41.578737 (49da6702b16031c40d63e5618de03a32ff6c197e),platform=Windows NT 10.0.17134 x86_64) (WARNING: The server did not provide any stacktrace information)
Command duration or timeout: 0 milliseconds
Build info: version: &apos;3.11.0&apos;, revision: &apos;e59cfb3&apos;, time: &apos;2018-03-11T20:26:55.152Z&apos;
System info: host: &apos;MONO-HYD-LAP-14&apos;, ip: &apos;10.50.101.93&apos;, os.name: &apos;Windows 10&apos;, os.arch: &apos;amd64&apos;, os.version: &apos;10.0&apos;, java.version: &apos;1.8.0_181&apos;
Driver info: org.openqa.selenium.chrome.ChromeDriver
Capabilities {acceptInsecureCerts: false, acceptSslCerts: false, applicationCacheEnabled: false, browserConnectionEnabled: false, browserName: chrome, chrome: {chromedriverVersion: 2.41.578737 (49da6702b16031..., userDataDir: C:\Users\BHAVIS~1\AppData\L...}, cssSelectorsEnabled: true, databaseEnabled: false, goog:chromeOptions: {debuggerAddress: localhost:52819}, handlesAlerts: true, hasTouchScreen: false, javascriptEnabled: true, locationContextEnabled: true, mobileEmulationEnabled: false, nativeEvents: true, networkConnectionEnabled: false, pageLoadStrategy: normal, platform: XP, platformName: XP, rotatable: false, setWindowRect: true, takesHeapSnapshot: true, takesScreenshot: true, unexpectedAlertBehaviour: , unhandledPromptBehavior: , version: 69.0.3497.100, webStorageEnabled: true}
Session ID: 646c6b4174a828d6eb008c68a3eb8c89" type="org.openqa.selenium.WebDriverException">org.openqa.selenium.WebDriverException: chrome not reachable
  (Session info: chrome=69.0.3497.100)
  (Driver info: chromedriver=2.41.578737 (49da6702b16031c40d63e5618de03a32ff6c197e),platform=Windows NT 10.0.17134 x86_64) (WARNING: The server did not provide any stacktrace information)
Command duration or timeout: 0 milliseconds
Build info: version: &apos;3.11.0&apos;, revision: &apos;e59cfb3&apos;, time: &apos;2018-03-11T20:26:55.152Z&apos;
System info: host: &apos;MONO-HYD-LAP-14&apos;, ip: &apos;10.50.101.93&apos;, os.name: &apos;Windows 10&apos;, os.arch: &apos;amd64&apos;, os.version: &apos;10.0&apos;, java.version: &apos;1.8.0_181&apos;
Driver info: org.openqa.selenium.chrome.ChromeDriver
Capabilities {acceptInsecureCerts: false, acceptSslCerts: false, applicationCacheEnabled: false, browserConnectionEnabled: false, browserName: chrome, chrome: {chromedriverVersion: 2.41.578737 (49da6702b16031..., userDataDir: C:\Users\BHAVIS~1\AppData\L...}, cssSelectorsEnabled: true, databaseEnabled: false, goog:chromeOptions: {debuggerAddress: localhost:52819}, handlesAlerts: true, hasTouchScreen: false, javascriptEnabled: true, locationContextEnabled: true, mobileEmulationEnabled: false, nativeEvents: true, networkConnectionEnabled: false, pageLoadStrategy: normal, platform: XP, platformName: XP, rotatable: false, setWindowRect: true, takesHeapSnapshot: true, takesScreenshot: true, unexpectedAlertBehaviour: , unhandledPromptBehavior: , version: 69.0.3497.100, webStorageEnabled: true}
Session ID: 646c6b4174a828d6eb008c68a3eb8c89
	at sun.reflect.NativeConstructorAccessorImpl.newInstance0(Native Method)
	at sun.reflect.NativeConstructorAccessorImpl.newInstance(NativeConstructorAccessorImpl.java:62)
	at sun.reflect.DelegatingConstructorAccessorImpl.newInstance(DelegatingConstructorAccessorImpl.java:45)
	at java.lang.reflect.Constructor.newInstance(Constructor.java:423)
	at org.openqa.selenium.remote.ErrorHandler.createThrowable(ErrorHandler.java:214)
	at org.openqa.selenium.remote.ErrorHandler.throwIfResponseFailed(ErrorHandler.java:166)
	at org.openqa.selenium.remote.http.JsonHttpResponseCodec.reconstructValue(JsonHttpResponseCodec.java:40)
	at org.openqa.selenium.remote.http.AbstractHttpResponseCodec.decode(AbstractHttpResponseCodec.java:80)
	at org.openqa.selenium.remote.http.AbstractHttpResponseCodec.decode(AbstractHttpResponseCodec.java:44)
	at org.openqa.selenium.remote.HttpCommandExecutor.execute(HttpCommandExecutor.java:158)
	at org.openqa.selenium.remote.service.DriverCommandExecutor.execute(DriverCommandExecutor.java:83)
	at org.openqa.selenium.remote.RemoteWebDriver.execute(RemoteWebDriver.java:545)
	at org.openqa.selenium.remote.RemoteWebDriver.get(RemoteWebDriver.java:273)
	at utilities.ReusableFunctions.launchBrowser(ReusableFunctions.java:185)
	at Cosmos_Testcases.LACosmosToIL.launching(LACosmosToIL.java:50)
	at Cosmos_Testcases.LACosmosToIL.beforeTest(LACosmosToIL.java:73)
</failure>
    <system-err>Sep 20, 2018 7:39:43 PM org.openqa.selenium.remote.ProtocolHandshake createSession
INFO: Detected dialect: OSS
</system-err>
  </testcase>
  <testcase classname="Cosmos_Testcases.LACosmosToIL" name="selectNBSBranchInward" time="0.002">
    <skipped/>
  </testcase>
  <testcase classname="Cosmos_Testcases.LACosmosToIL" name="submitReciept" time="0.004">
    <skipped/>
  </testcase>
  <testcase classname="Cosmos_Testcases.LACosmosToIL" name="pendingBranchScrutny" time="0.007">
    <skipped/>
  </testcase>
  <testcase classname="Cosmos_Testcases.LACosmosToIL" name="selectDispatch" time="0.008">
    <skipped/>
  </testcase>
  <testcase classname="Cosmos_Testcases.LACosmosToIL" name="scanAndIndex" time="0.009">
    <skipped/>
  </testcase>
  <testcase classname="Cosmos_Testcases.LACosmosToIL" name="copsInwardBucket" time="0.01">
    <skipped/>
  </testcase>
  <testcase classname="Cosmos_Testcases.LACosmosToIL" name="nbsDataEntry" time="0.012">
    <skipped/>
  </testcase>
  <testcase classname="Cosmos_Testcases.LACosmosToIL" name="copsQc" time="0.013">
    <skipped/>
  </testcase>
  <testcase classname="Cosmos_Testcases.LACosmosToIL" name="UWBucket" time="0.014">
    <skipped/>
  </testcase>
  <testcase classname="Cosmos_Testcases.LACosmosToIL" name="applicationTracker" time="0.014">
    <skipped/>
  </testcase>
  <testcase classname="Cosmos_Testcases.LACosmosToIL" name="proposalEnquiry" time="0.015">
    <skipped/>
  </testcase>
  <testcase classname="Cosmos_Testcases.LACosmosToIL" name="aftermethod" time="0.017">
    <skipped/>
  </testcase>
</testsuite>