<?xml version="1.0" encoding="UTF-8"?>
<!-- Generated by org.testng.reporters.JUnitReportReporter -->
<testsuite hostname="Macminis-Mac-mini.local" name="com.report.test.execute" tests="1" failures="0" timestamp="31 Jan 2018 16:43:28 GMT" time="10.106" errors="0">
  <testcase name="executer" time="10.106" classname="com.report.test.execute"/>
</testsuite> <!-- com.report.test.execute -->
