<?xml version="1.0" encoding="UTF-8" ?>
<testsuite tests="56" failures="1" name="TestSuite" time="47.699" errors="0" skipped="55">
  <properties>
    <property name="java.runtime.name" value="Java(TM) SE Runtime Environment"/>
    <property name="sun.boot.library.path" value="/Library/Java/JavaVirtualMachines/jdk1.8.0_151.jdk/Contents/Home/jre/lib"/>
    <property name="java.vm.version" value="25.151-b12"/>
    <property name="gopherProxySet" value="false"/>
    <property name="java.vm.vendor" value="Oracle Corporation"/>
    <property name="java.vendor.url" value="http://java.oracle.com/"/>
    <property name="path.separator" value=":"/>
    <property name="java.vm.name" value="Java HotSpot(TM) 64-Bit Server VM"/>
    <property name="file.encoding.pkg" value="sun.io"/>
    <property name="user.country" value="US"/>
    <property name="sun.java.launcher" value="SUN_STANDARD"/>
    <property name="sun.os.patch.level" value="unknown"/>
    <property name="java.vm.specification.name" value="Java Virtual Machine Specification"/>
    <property name="user.dir" value="/Users/macmini/eclipse-workspace/iOS-arms"/>
    <property name="java.runtime.version" value="1.8.0_151-b12"/>
    <property name="java.awt.graphicsenv" value="sun.awt.CGraphicsEnvironment"/>
    <property name="basedir" value="/Users/macmini/eclipse-workspace/iOS-arms"/>
    <property name="java.endorsed.dirs" value="/Library/Java/JavaVirtualMachines/jdk1.8.0_151.jdk/Contents/Home/jre/lib/endorsed"/>
    <property name="os.arch" value="x86_64"/>
    <property name="surefire.real.class.path" value="/var/folders/23/y4pv324s7czgvpkps44hklg80000gn/T/surefirebooter8973448601831067187.jar:/Users/macmini/.m2/repository/org/aspectj/aspectjweaver/1.8.5/aspectjweaver-1.8.5.jar"/>
    <property name="java.io.tmpdir" value="/var/folders/23/y4pv324s7czgvpkps44hklg80000gn/T/"/>
    <property name="line.separator" value="
"/>
    <property name="java.vm.specification.vendor" value="Oracle Corporation"/>
    <property name="https.proxyHost" value="127.0.0.1"/>
    <property name="os.name" value="Mac OS X"/>
    <property name="sun.jnu.encoding" value="UTF-8"/>
    <property name="java.library.path" value="/Users/macmini/Library/Java/Extensions:/Library/Java/Extensions:/Network/Library/Java/Extensions:/System/Library/Java/Extensions:/usr/lib/java:."/>
    <property name="http.proxyPort" value="8111"/>
    <property name="surefire.test.class.path" value="/Users/macmini/eclipse-workspace/iOS-arms/target/test-classes:/Users/macmini/eclipse-workspace/iOS-arms/target/classes:/Users/macmini/.m2/repository/com/relevantcodes/extentreports/2.10/extentreports-2.10.jar:/Users/macmini/.m2/repository/org/jsoup/jsoup/1.8.3/jsoup-1.8.3.jar:/Users/macmini/.m2/repository/org/xerial/sqlite-jdbc/3.8.11.1/sqlite-jdbc-3.8.11.1.jar:/Users/macmini/.m2/repository/junit/junit/3.8.1/junit-3.8.1.jar:/Users/macmini/.m2/repository/com/github/autograder/mobile-esp/1.1.2/mobile-esp-1.1.2.jar:/Users/macmini/.m2/repository/commons-io/commons-io/2.5/commons-io-2.5.jar:/Users/macmini/.m2/repository/org/testng/testng/6.9.10/testng-6.9.10.jar:/Users/macmini/.m2/repository/com/beust/jcommander/1.48/jcommander-1.48.jar:/Users/macmini/.m2/repository/org/beanshell/bsh/2.0b4/bsh-2.0b4.jar:/Users/macmini/.m2/repository/org/seleniumhq/selenium/selenium-server/2.53.0/selenium-server-2.53.0.jar:/Users/macmini/.m2/repository/org/bouncycastle/bcprov-jdk15on/1.48/bcprov-jdk15on-1.48.jar:/Users/macmini/.m2/repository/org/bouncycastle/bcpkix-jdk15on/1.48/bcpkix-jdk15on-1.48.jar:/Users/macmini/.m2/repository/mx4j/mx4j-tools/3.0.1/mx4j-tools-3.0.1.jar:/Users/macmini/.m2/repository/org/seleniumhq/selenium/jetty-repacked/9.2.13.v20150730/jetty-repacked-9.2.13.v20150730.jar:/Users/macmini/.m2/repository/javax/servlet/javax.servlet-api/3.1.0/javax.servlet-api-3.1.0.jar:/Users/macmini/.m2/repository/org/seleniumhq/selenium/jetty-rc-repacked/5/jetty-rc-repacked-5.jar:/Users/macmini/.m2/repository/net/jcip/jcip-annotations/1.0/jcip-annotations-1.0.jar:/Users/macmini/.m2/repository/org/yaml/snakeyaml/1.8/snakeyaml-1.8.jar:/Users/macmini/.m2/repository/commons-codec/commons-codec/1.10/commons-codec-1.10.jar:/Users/macmini/.m2/repository/org/seleniumhq/selenium/selenium-java/2.51.0/selenium-java-2.51.0.jar:/Users/macmini/.m2/repository/org/seleniumhq/selenium/selenium-chrome-driver/2.51.0/selenium-chrome-driver-2.51.0.jar:/Users/macmini/.m2/repository/org/seleniumhq/selenium/selenium-remote-driver/2.51.0/selenium-remote-driver-2.51.0.jar:/Users/macmini/.m2/repository/org/seleniumhq/selenium/selenium-api/2.51.0/selenium-api-2.51.0.jar:/Users/macmini/.m2/repository/org/seleniumhq/selenium/selenium-edge-driver/2.51.0/selenium-edge-driver-2.51.0.jar:/Users/macmini/.m2/repository/org/apache/commons/commons-exec/1.3/commons-exec-1.3.jar:/Users/macmini/.m2/repository/org/seleniumhq/selenium/selenium-htmlunit-driver/2.51.0/selenium-htmlunit-driver-2.51.0.jar:/Users/macmini/.m2/repository/net/sourceforge/htmlunit/htmlunit/2.18/htmlunit-2.18.jar:/Users/macmini/.m2/repository/xalan/xalan/2.7.2/xalan-2.7.2.jar:/Users/macmini/.m2/repository/xalan/serializer/2.7.2/serializer-2.7.2.jar:/Users/macmini/.m2/repository/org/apache/httpcomponents/httpmime/4.5/httpmime-4.5.jar:/Users/macmini/.m2/repository/net/sourceforge/htmlunit/htmlunit-core-js/2.17/htmlunit-core-js-2.17.jar:/Users/macmini/.m2/repository/xerces/xercesImpl/2.11.0/xercesImpl-2.11.0.jar:/Users/macmini/.m2/repository/xml-apis/xml-apis/1.4.01/xml-apis-1.4.01.jar:/Users/macmini/.m2/repository/net/sourceforge/nekohtml/nekohtml/1.9.22/nekohtml-1.9.22.jar:/Users/macmini/.m2/repository/net/sourceforge/cssparser/cssparser/0.9.16/cssparser-0.9.16.jar:/Users/macmini/.m2/repository/org/w3c/css/sac/1.3/sac-1.3.jar:/Users/macmini/.m2/repository/org/eclipse/jetty/websocket/websocket-client/9.2.12.v20150709/websocket-client-9.2.12.v20150709.jar:/Users/macmini/.m2/repository/org/eclipse/jetty/jetty-util/9.2.12.v20150709/jetty-util-9.2.12.v20150709.jar:/Users/macmini/.m2/repository/org/eclipse/jetty/jetty-io/9.2.12.v20150709/jetty-io-9.2.12.v20150709.jar:/Users/macmini/.m2/repository/org/eclipse/jetty/websocket/websocket-common/9.2.12.v20150709/websocket-common-9.2.12.v20150709.jar:/Users/macmini/.m2/repository/org/eclipse/jetty/websocket/websocket-api/9.2.12.v20150709/websocket-api-9.2.12.v20150709.jar:/Users/macmini/.m2/repository/commons-collections/commons-collections/3.2.2/commons-collections-3.2.2.jar:/Users/macmini/.m2/repository/org/seleniumhq/selenium/selenium-firefox-driver/2.51.0/selenium-firefox-driver-2.51.0.jar:/Users/macmini/.m2/repository/org/seleniumhq/selenium/selenium-ie-driver/2.51.0/selenium-ie-driver-2.51.0.jar:/Users/macmini/.m2/repository/net/java/dev/jna/jna/4.1.0/jna-4.1.0.jar:/Users/macmini/.m2/repository/net/java/dev/jna/jna-platform/4.1.0/jna-platform-4.1.0.jar:/Users/macmini/.m2/repository/org/seleniumhq/selenium/selenium-safari-driver/2.51.0/selenium-safari-driver-2.51.0.jar:/Users/macmini/.m2/repository/org/seleniumhq/selenium/selenium-support/2.51.0/selenium-support-2.51.0.jar:/Users/macmini/.m2/repository/org/webbitserver/webbit/0.4.14/webbit-0.4.14.jar:/Users/macmini/.m2/repository/io/netty/netty/3.5.2.Final/netty-3.5.2.Final.jar:/Users/macmini/.m2/repository/org/seleniumhq/selenium/selenium-leg-rc/2.51.0/selenium-leg-rc-2.51.0.jar:/Users/macmini/.m2/repository/ru/yandex/qatools/allure/allure-testng-adaptor/1.4.16/allure-testng-adaptor-1.4.16.jar:/Users/macmini/.m2/repository/ru/yandex/qatools/allure/allure-java-aspects/1.4.16/allure-java-aspects-1.4.16.jar:/Users/macmini/.m2/repository/ru/yandex/qatools/allure/allure-java-adaptor-api/1.4.16/allure-java-adaptor-api-1.4.16.jar:/Users/macmini/.m2/repository/ru/yandex/qatools/allure/allure-java-annotations/1.4.16/allure-java-annotations-1.4.16.jar:/Users/macmini/.m2/repository/ru/yandex/qatools/allure/allure-model/1.4.16/allure-model-1.4.16.jar:/Users/macmini/.m2/repository/org/jvnet/jaxb2_commons/jaxb2-basics-runtime/0.9.3/jaxb2-basics-runtime-0.9.3.jar:/Users/macmini/.m2/repository/ru/yandex/qatools/properties/properties-loader/1.5/properties-loader-1.5.jar:/Users/macmini/.m2/repository/commons-beanutils/commons-beanutils-core/1.8.3/commons-beanutils-core-1.8.3.jar:/Users/macmini/.m2/repository/org/slf4j/slf4j-api/1.7.12/slf4j-api-1.7.12.jar:/Users/macmini/.m2/repository/org/apache/tika/tika-core/1.7/tika-core-1.7.jar:/Users/macmini/.m2/repository/org/aspectj/aspectjrt/1.8.3/aspectjrt-1.8.3.jar:/Users/macmini/.m2/repository/log4j/log4j/1.2.17/log4j-1.2.17.jar:/Users/macmini/.m2/repository/io/appium/java-client/4.1.2/java-client-4.1.2.jar:/Users/macmini/.m2/repository/com/google/code/gson/gson/2.7/gson-2.7.jar:/Users/macmini/.m2/repository/org/apache/httpcomponents/httpclient/4.5.2/httpclient-4.5.2.jar:/Users/macmini/.m2/repository/org/apache/httpcomponents/httpcore/4.4.4/httpcore-4.4.4.jar:/Users/macmini/.m2/repository/commons-logging/commons-logging/1.2/commons-logging-1.2.jar:/Users/macmini/.m2/repository/com/google/guava/guava/19.0/guava-19.0.jar:/Users/macmini/.m2/repository/commons-validator/commons-validator/1.5.1/commons-validator-1.5.1.jar:/Users/macmini/.m2/repository/commons-beanutils/commons-beanutils/1.9.2/commons-beanutils-1.9.2.jar:/Users/macmini/.m2/repository/commons-digester/commons-digester/1.8.1/commons-digester-1.8.1.jar:/Users/macmini/.m2/repository/org/apache/commons/commons-lang3/3.4/commons-lang3-3.4.jar:/Users/macmini/.m2/repository/cglib/cglib-nodep/3.2.4/cglib-nodep-3.2.4.jar:/Users/macmini/.m2/repository/org/springframework/spring-context/4.3.2.RELEASE/spring-context-4.3.2.RELEASE.jar:/Users/macmini/.m2/repository/org/springframework/spring-aop/4.3.2.RELEASE/spring-aop-4.3.2.RELEASE.jar:/Users/macmini/.m2/repository/org/springframework/spring-beans/4.3.2.RELEASE/spring-beans-4.3.2.RELEASE.jar:/Users/macmini/.m2/repository/org/springframework/spring-core/4.3.2.RELEASE/spring-core-4.3.2.RELEASE.jar:/Users/macmini/.m2/repository/org/springframework/spring-expression/4.3.2.RELEASE/spring-expression-4.3.2.RELEASE.jar:/Users/macmini/.m2/repository/org/aspectj/aspectjweaver/1.8.9/aspectjweaver-1.8.9.jar:/Users/macmini/.m2/repository/com/googlecode/json-simple/json-simple/1.1.1/json-simple-1.1.1.jar:/Users/macmini/.m2/repository/org/apache/poi/poi/3.9/poi-3.9.jar:"/>
    <property name="java.specification.name" value="Java Platform API Specification"/>
    <property name="java.class.version" value="52.0"/>
    <property name="sun.management.compiler" value="HotSpot 64-Bit Tiered Compilers"/>
    <property name="os.version" value="10.13.2"/>
    <property name="user.home" value="/Users/macmini"/>
    <property name="user.timezone" value="Asia/Kolkata"/>
    <property name="java.awt.printerjob" value="sun.lwawt.macosx.CPrinterJob"/>
    <property name="java.specification.version" value="1.8"/>
    <property name="file.encoding" value="UTF-8"/>
    <property name="user.name" value="macmini"/>
    <property name="java.class.path" value="/Users/macmini/eclipse-workspace/iOS-arms/target/test-classes:/Users/macmini/eclipse-workspace/iOS-arms/target/classes:/Users/macmini/.m2/repository/com/relevantcodes/extentreports/2.10/extentreports-2.10.jar:/Users/macmini/.m2/repository/org/jsoup/jsoup/1.8.3/jsoup-1.8.3.jar:/Users/macmini/.m2/repository/org/xerial/sqlite-jdbc/3.8.11.1/sqlite-jdbc-3.8.11.1.jar:/Users/macmini/.m2/repository/junit/junit/3.8.1/junit-3.8.1.jar:/Users/macmini/.m2/repository/com/github/autograder/mobile-esp/1.1.2/mobile-esp-1.1.2.jar:/Users/macmini/.m2/repository/commons-io/commons-io/2.5/commons-io-2.5.jar:/Users/macmini/.m2/repository/org/testng/testng/6.9.10/testng-6.9.10.jar:/Users/macmini/.m2/repository/com/beust/jcommander/1.48/jcommander-1.48.jar:/Users/macmini/.m2/repository/org/beanshell/bsh/2.0b4/bsh-2.0b4.jar:/Users/macmini/.m2/repository/org/seleniumhq/selenium/selenium-server/2.53.0/selenium-server-2.53.0.jar:/Users/macmini/.m2/repository/org/bouncycastle/bcprov-jdk15on/1.48/bcprov-jdk15on-1.48.jar:/Users/macmini/.m2/repository/org/bouncycastle/bcpkix-jdk15on/1.48/bcpkix-jdk15on-1.48.jar:/Users/macmini/.m2/repository/mx4j/mx4j-tools/3.0.1/mx4j-tools-3.0.1.jar:/Users/macmini/.m2/repository/org/seleniumhq/selenium/jetty-repacked/9.2.13.v20150730/jetty-repacked-9.2.13.v20150730.jar:/Users/macmini/.m2/repository/javax/servlet/javax.servlet-api/3.1.0/javax.servlet-api-3.1.0.jar:/Users/macmini/.m2/repository/org/seleniumhq/selenium/jetty-rc-repacked/5/jetty-rc-repacked-5.jar:/Users/macmini/.m2/repository/net/jcip/jcip-annotations/1.0/jcip-annotations-1.0.jar:/Users/macmini/.m2/repository/org/yaml/snakeyaml/1.8/snakeyaml-1.8.jar:/Users/macmini/.m2/repository/commons-codec/commons-codec/1.10/commons-codec-1.10.jar:/Users/macmini/.m2/repository/org/seleniumhq/selenium/selenium-java/2.51.0/selenium-java-2.51.0.jar:/Users/macmini/.m2/repository/org/seleniumhq/selenium/selenium-chrome-driver/2.51.0/selenium-chrome-driver-2.51.0.jar:/Users/macmini/.m2/repository/org/seleniumhq/selenium/selenium-remote-driver/2.51.0/selenium-remote-driver-2.51.0.jar:/Users/macmini/.m2/repository/org/seleniumhq/selenium/selenium-api/2.51.0/selenium-api-2.51.0.jar:/Users/macmini/.m2/repository/org/seleniumhq/selenium/selenium-edge-driver/2.51.0/selenium-edge-driver-2.51.0.jar:/Users/macmini/.m2/repository/org/apache/commons/commons-exec/1.3/commons-exec-1.3.jar:/Users/macmini/.m2/repository/org/seleniumhq/selenium/selenium-htmlunit-driver/2.51.0/selenium-htmlunit-driver-2.51.0.jar:/Users/macmini/.m2/repository/net/sourceforge/htmlunit/htmlunit/2.18/htmlunit-2.18.jar:/Users/macmini/.m2/repository/xalan/xalan/2.7.2/xalan-2.7.2.jar:/Users/macmini/.m2/repository/xalan/serializer/2.7.2/serializer-2.7.2.jar:/Users/macmini/.m2/repository/org/apache/httpcomponents/httpmime/4.5/httpmime-4.5.jar:/Users/macmini/.m2/repository/net/sourceforge/htmlunit/htmlunit-core-js/2.17/htmlunit-core-js-2.17.jar:/Users/macmini/.m2/repository/xerces/xercesImpl/2.11.0/xercesImpl-2.11.0.jar:/Users/macmini/.m2/repository/xml-apis/xml-apis/1.4.01/xml-apis-1.4.01.jar:/Users/macmini/.m2/repository/net/sourceforge/nekohtml/nekohtml/1.9.22/nekohtml-1.9.22.jar:/Users/macmini/.m2/repository/net/sourceforge/cssparser/cssparser/0.9.16/cssparser-0.9.16.jar:/Users/macmini/.m2/repository/org/w3c/css/sac/1.3/sac-1.3.jar:/Users/macmini/.m2/repository/org/eclipse/jetty/websocket/websocket-client/9.2.12.v20150709/websocket-client-9.2.12.v20150709.jar:/Users/macmini/.m2/repository/org/eclipse/jetty/jetty-util/9.2.12.v20150709/jetty-util-9.2.12.v20150709.jar:/Users/macmini/.m2/repository/org/eclipse/jetty/jetty-io/9.2.12.v20150709/jetty-io-9.2.12.v20150709.jar:/Users/macmini/.m2/repository/org/eclipse/jetty/websocket/websocket-common/9.2.12.v20150709/websocket-common-9.2.12.v20150709.jar:/Users/macmini/.m2/repository/org/eclipse/jetty/websocket/websocket-api/9.2.12.v20150709/websocket-api-9.2.12.v20150709.jar:/Users/macmini/.m2/repository/commons-collections/commons-collections/3.2.2/commons-collections-3.2.2.jar:/Users/macmini/.m2/repository/org/seleniumhq/selenium/selenium-firefox-driver/2.51.0/selenium-firefox-driver-2.51.0.jar:/Users/macmini/.m2/repository/org/seleniumhq/selenium/selenium-ie-driver/2.51.0/selenium-ie-driver-2.51.0.jar:/Users/macmini/.m2/repository/net/java/dev/jna/jna/4.1.0/jna-4.1.0.jar:/Users/macmini/.m2/repository/net/java/dev/jna/jna-platform/4.1.0/jna-platform-4.1.0.jar:/Users/macmini/.m2/repository/org/seleniumhq/selenium/selenium-safari-driver/2.51.0/selenium-safari-driver-2.51.0.jar:/Users/macmini/.m2/repository/org/seleniumhq/selenium/selenium-support/2.51.0/selenium-support-2.51.0.jar:/Users/macmini/.m2/repository/org/webbitserver/webbit/0.4.14/webbit-0.4.14.jar:/Users/macmini/.m2/repository/io/netty/netty/3.5.2.Final/netty-3.5.2.Final.jar:/Users/macmini/.m2/repository/org/seleniumhq/selenium/selenium-leg-rc/2.51.0/selenium-leg-rc-2.51.0.jar:/Users/macmini/.m2/repository/ru/yandex/qatools/allure/allure-testng-adaptor/1.4.16/allure-testng-adaptor-1.4.16.jar:/Users/macmini/.m2/repository/ru/yandex/qatools/allure/allure-java-aspects/1.4.16/allure-java-aspects-1.4.16.jar:/Users/macmini/.m2/repository/ru/yandex/qatools/allure/allure-java-adaptor-api/1.4.16/allure-java-adaptor-api-1.4.16.jar:/Users/macmini/.m2/repository/ru/yandex/qatools/allure/allure-java-annotations/1.4.16/allure-java-annotations-1.4.16.jar:/Users/macmini/.m2/repository/ru/yandex/qatools/allure/allure-model/1.4.16/allure-model-1.4.16.jar:/Users/macmini/.m2/repository/org/jvnet/jaxb2_commons/jaxb2-basics-runtime/0.9.3/jaxb2-basics-runtime-0.9.3.jar:/Users/macmini/.m2/repository/ru/yandex/qatools/properties/properties-loader/1.5/properties-loader-1.5.jar:/Users/macmini/.m2/repository/commons-beanutils/commons-beanutils-core/1.8.3/commons-beanutils-core-1.8.3.jar:/Users/macmini/.m2/repository/org/slf4j/slf4j-api/1.7.12/slf4j-api-1.7.12.jar:/Users/macmini/.m2/repository/org/apache/tika/tika-core/1.7/tika-core-1.7.jar:/Users/macmini/.m2/repository/org/aspectj/aspectjrt/1.8.3/aspectjrt-1.8.3.jar:/Users/macmini/.m2/repository/log4j/log4j/1.2.17/log4j-1.2.17.jar:/Users/macmini/.m2/repository/io/appium/java-client/4.1.2/java-client-4.1.2.jar:/Users/macmini/.m2/repository/com/google/code/gson/gson/2.7/gson-2.7.jar:/Users/macmini/.m2/repository/org/apache/httpcomponents/httpclient/4.5.2/httpclient-4.5.2.jar:/Users/macmini/.m2/repository/org/apache/httpcomponents/httpcore/4.4.4/httpcore-4.4.4.jar:/Users/macmini/.m2/repository/commons-logging/commons-logging/1.2/commons-logging-1.2.jar:/Users/macmini/.m2/repository/com/google/guava/guava/19.0/guava-19.0.jar:/Users/macmini/.m2/repository/commons-validator/commons-validator/1.5.1/commons-validator-1.5.1.jar:/Users/macmini/.m2/repository/commons-beanutils/commons-beanutils/1.9.2/commons-beanutils-1.9.2.jar:/Users/macmini/.m2/repository/commons-digester/commons-digester/1.8.1/commons-digester-1.8.1.jar:/Users/macmini/.m2/repository/org/apache/commons/commons-lang3/3.4/commons-lang3-3.4.jar:/Users/macmini/.m2/repository/cglib/cglib-nodep/3.2.4/cglib-nodep-3.2.4.jar:/Users/macmini/.m2/repository/org/springframework/spring-context/4.3.2.RELEASE/spring-context-4.3.2.RELEASE.jar:/Users/macmini/.m2/repository/org/springframework/spring-aop/4.3.2.RELEASE/spring-aop-4.3.2.RELEASE.jar:/Users/macmini/.m2/repository/org/springframework/spring-beans/4.3.2.RELEASE/spring-beans-4.3.2.RELEASE.jar:/Users/macmini/.m2/repository/org/springframework/spring-core/4.3.2.RELEASE/spring-core-4.3.2.RELEASE.jar:/Users/macmini/.m2/repository/org/springframework/spring-expression/4.3.2.RELEASE/spring-expression-4.3.2.RELEASE.jar:/Users/macmini/.m2/repository/org/aspectj/aspectjweaver/1.8.9/aspectjweaver-1.8.9.jar:/Users/macmini/.m2/repository/com/googlecode/json-simple/json-simple/1.1.1/json-simple-1.1.1.jar:/Users/macmini/.m2/repository/org/apache/poi/poi/3.9/poi-3.9.jar:"/>
    <property name="java.vm.specification.version" value="1.8"/>
    <property name="sun.arch.data.model" value="64"/>
    <property name="java.home" value="/Library/Java/JavaVirtualMachines/jdk1.8.0_151.jdk/Contents/Home/jre"/>
    <property name="sun.java.command" value="/var/folders/23/y4pv324s7czgvpkps44hklg80000gn/T/surefirebooter8973448601831067187.jar /var/folders/23/y4pv324s7czgvpkps44hklg80000gn/T/surefire3788556660832463603tmp /var/folders/23/y4pv324s7czgvpkps44hklg80000gn/T/surefire9003254661423593640tmp"/>
    <property name="java.specification.vendor" value="Oracle Corporation"/>
    <property name="user.language" value="en"/>
    <property name="awt.toolkit" value="sun.lwawt.macosx.LWCToolkit"/>
    <property name="java.vm.info" value="mixed mode"/>
    <property name="java.version" value="1.8.0_151"/>
    <property name="java.ext.dirs" value="/Users/macmini/Library/Java/Extensions:/Library/Java/JavaVirtualMachines/jdk1.8.0_151.jdk/Contents/Home/jre/lib/ext:/Library/Java/Extensions:/Network/Library/Java/Extensions:/System/Library/Java/Extensions:/usr/lib/java"/>
    <property name="http.proxyHost" value="127.0.0.1"/>
    <property name="sun.boot.class.path" value="/Library/Java/JavaVirtualMachines/jdk1.8.0_151.jdk/Contents/Home/jre/lib/resources.jar:/Library/Java/JavaVirtualMachines/jdk1.8.0_151.jdk/Contents/Home/jre/lib/rt.jar:/Library/Java/JavaVirtualMachines/jdk1.8.0_151.jdk/Contents/Home/jre/lib/sunrsasign.jar:/Library/Java/JavaVirtualMachines/jdk1.8.0_151.jdk/Contents/Home/jre/lib/jsse.jar:/Library/Java/JavaVirtualMachines/jdk1.8.0_151.jdk/Contents/Home/jre/lib/jce.jar:/Library/Java/JavaVirtualMachines/jdk1.8.0_151.jdk/Contents/Home/jre/lib/charsets.jar:/Library/Java/JavaVirtualMachines/jdk1.8.0_151.jdk/Contents/Home/jre/lib/jfr.jar:/Library/Java/JavaVirtualMachines/jdk1.8.0_151.jdk/Contents/Home/jre/classes"/>
    <property name="java.vendor" value="Oracle Corporation"/>
    <property name="localRepository" value="/Users/macmini/.m2/repository"/>
    <property name="file.separator" value="/"/>
    <property name="java.vendor.url.bug" value="http://bugreport.sun.com/bugreport/"/>
    <property name="sun.cpu.endian" value="little"/>
    <property name="sun.io.unicode.encoding" value="UnicodeBig"/>
    <property name="https.proxyPort" value="8111"/>
    <property name="sun.cpu.isalist" value=""/>
  </properties>
  <testcase classname="com.Functions.AdMonitor_run" name="beforeTest" time="0">
    <failure message="An unknown server-side error occurred while processing the command. Original error: Unknown device or simulator UDID: &apos;065f96d70ace738cc0afb7bd7ca6fcb1ae716935&apos; (WARNING: The server did not provide any stacktrace information)
Command duration or timeout: 276 milliseconds
Build info: version: &apos;2.51.0&apos;, revision: &apos;1af067dbcaedd7d2ab9af5151fc471d363d97193&apos;, time: &apos;2016-02-05 11:20:57&apos;
System info: host: &apos;Macminis-Mac-mini.local&apos;, ip: &apos;192.168.1.24&apos;, os.name: &apos;Mac OS X&apos;, os.arch: &apos;x86_64&apos;, os.version: &apos;10.13.2&apos;, java.version: &apos;1.8.0_151&apos;
Driver info: io.appium.java_client.ios.IOSDriver" type="org.openqa.selenium.WebDriverException">org.openqa.selenium.WebDriverException: An unknown server-side error occurred while processing the command. Original error: Unknown device or simulator UDID: &apos;065f96d70ace738cc0afb7bd7ca6fcb1ae716935&apos; (WARNING: The server did not provide any stacktrace information)
Command duration or timeout: 276 milliseconds
Build info: version: &apos;2.51.0&apos;, revision: &apos;1af067dbcaedd7d2ab9af5151fc471d363d97193&apos;, time: &apos;2016-02-05 11:20:57&apos;
System info: host: &apos;Macminis-Mac-mini.local&apos;, ip: &apos;192.168.1.24&apos;, os.name: &apos;Mac OS X&apos;, os.arch: &apos;x86_64&apos;, os.version: &apos;10.13.2&apos;, java.version: &apos;1.8.0_151&apos;
Driver info: io.appium.java_client.ios.IOSDriver
	at sun.reflect.NativeConstructorAccessorImpl.newInstance0(Native Method)
	at sun.reflect.NativeConstructorAccessorImpl.newInstance(NativeConstructorAccessorImpl.java:62)
	at sun.reflect.DelegatingConstructorAccessorImpl.newInstance(DelegatingConstructorAccessorImpl.java:45)
	at java.lang.reflect.Constructor.newInstance(Constructor.java:423)
	at org.openqa.selenium.remote.ErrorHandler.createThrowable(ErrorHandler.java:206)
	at org.openqa.selenium.remote.ErrorHandler.throwIfResponseFailed(ErrorHandler.java:158)
	at org.openqa.selenium.remote.RemoteWebDriver.execute(RemoteWebDriver.java:678)
	at io.appium.java_client.DefaultGenericMobileDriver.execute(DefaultGenericMobileDriver.java:40)
	at io.appium.java_client.AppiumDriver.execute(AppiumDriver.java:1)
	at io.appium.java_client.ios.IOSDriver.execute(IOSDriver.java:1)
	at org.openqa.selenium.remote.RemoteWebDriver.startSession(RemoteWebDriver.java:249)
	at org.openqa.selenium.remote.RemoteWebDriver.&lt;init&gt;(RemoteWebDriver.java:131)
	at org.openqa.selenium.remote.RemoteWebDriver.&lt;init&gt;(RemoteWebDriver.java:144)
	at io.appium.java_client.DefaultGenericMobileDriver.&lt;init&gt;(DefaultGenericMobileDriver.java:36)
	at io.appium.java_client.AppiumDriver.&lt;init&gt;(AppiumDriver.java:114)
	at io.appium.java_client.AppiumDriver.&lt;init&gt;(AppiumDriver.java:132)
	at io.appium.java_client.ios.IOSDriver.&lt;init&gt;(IOSDriver.java:82)
	at com.Functions.Functions.launchtheApp(Functions.java:415)
	at com.Functions.AdMonitor_run.beforeTest(AdMonitor_run.java:154)
</failure>
    <system-out>ipaPath is :/Users/macmini/eclipse-workspace/iOS-arms/Build/v9.4.1-int-423947.ipa
Build Number is v9.4.1-int-423947_21
App uninstalled in the device and trying to install the app
Stopping the appium server
Appium server is stopped
Starting the appium server
Appium server is started and running
Reading capabilities done
</system-out>
    <system-err>SLF4J: Failed to load class &quot;org.slf4j.impl.StaticLoggerBinder&quot;.
SLF4J: Defaulting to no-operation (NOP) logger implementation
SLF4J: See http://www.slf4j.org/codes.html#StaticLoggerBinder for further details.
log4j:WARN No appenders could be found for logger (org.apache.http.client.protocol.RequestAddCookies).
log4j:WARN Please initialize the log4j system properly.
log4j:WARN See http://logging.apache.org/log4j/1.2/faq.html#noconfig for more info.
[XCUITest] Error: Unknown device or simulator UDID: &apos;065f96d70ace738cc0afb7bd7ca6fcb1ae716935&apos;
    at XCUITestDriver.determineDevice$ (../../lib/driver.js:623:17)
    at tryCatch (/Applications/Appium.app/Contents/Resources/app/node_modules/appium/node_modules/babel-runtime/regenerator/runtime.js:67:40)
    at GeneratorFunctionPrototype.invoke [as _invoke] (/Applications/Appium.app/Contents/Resources/app/node_modules/appium/node_modules/babel-runtime/regenerator/runtime.js:315:22)
    at GeneratorFunctionPrototype.prototype.(anonymous function) [as next] (/Applications/Appium.app/Contents/Resources/app/node_modules/appium/node_modules/babel-runtime/regenerator/runtime.js:100:21)
    at GeneratorFunctionPrototype.invoke (/Applications/Appium.app/Contents/Resources/app/node_modules/appium/node_modules/babel-runtime/regenerator/runtime.js:136:37)
    at &lt;anonymous&gt;
    at process._tickCallback (internal/process/next_tick.js:160:7)
 Error: Unknown device or simulator UDID: &apos;065f96d70ace738cc0afb7bd7ca6fcb1ae716935&apos;
    at XCUITestDriver.determineDevice$ (../../lib/driver.js:623:17)
    at tryCatch (/Applications/Appium.app/Contents/Resources/app/node_modules/appium/node_modules/babel-runtime/regenerator/runtime.js:67:40)
    at GeneratorFunctionPrototype.invoke [as _invoke] (/Applications/Appium.app/Contents/Resources/app/node_modules/appium/node_modules/babel-runtime/regenerator/runtime.js:315:22)
    at GeneratorFunctionPrototype.prototype.(anonymous function) [as next] (/Applications/Appium.app/Contents/Resources/app/node_modules/appium/node_modules/babel-runtime/regenerator/runtime.js:100:21)
    at GeneratorFunctionPrototype.invoke (/Applications/Appium.app/Contents/Resources/app/node_modules/appium/node_modules/babel-runtime/regenerator/runtime.js:136:37)
    at &lt;anonymous&gt;
    at process._tickCallback (internal/process/next_tick.js:160:7)
[MJSONWP] Encountered internal error running command: Error: Unknown device or simulator UDID: &apos;065f96d70ace738cc0afb7bd7ca6fcb1ae716935&apos;
    at XCUITestDriver.determineDevice$ (../../lib/driver.js:623:17)
    at tryCatch (/Applications/Appium.app/Contents/Resources/app/node_modules/appium/node_modules/babel-runtime/regenerator/runtime.js:67:40)
    at GeneratorFunctionPrototype.invoke [as _invoke] (/Applications/Appium.app/Contents/Resources/app/node_modules/appium/node_modules/babel-runtime/regenerator/runtime.js:315:22)
    at GeneratorFunctionPrototype.prototype.(anonymous function) [as next] (/Applications/Appium.app/Contents/Resources/app/node_modules/appium/node_modules/babel-runtime/regenerator/runtime.js:100:21)
    at GeneratorFunctionPrototype.invoke (/Applications/Appium.app/Contents/Resources/app/node_modules/appium/node_modules/babel-runtime/regenerator/runtime.js:136:37)
    at &lt;anonymous&gt;
    at process._tickCallback (internal/process/next_tick.js:160:7)
</system-err>
  </testcase>
  <testcase classname="com.Functions.AdMonitor_run" name="beforeMethod" time="0.024">
    <skipped/>
  </testcase>
  <testcase classname="com.Functions.AdMonitor_run" name="Feed_1_Ad_Validation" time="0.001">
    <skipped/>
  </testcase>
  <testcase classname="com.Functions.AdMonitor_run" name="afterMethod" time="0.002">
    <skipped/>
  </testcase>
  <testcase classname="com.Functions.AdMonitor_run" name="beforeMethod" time="0.002">
    <skipped/>
  </testcase>
  <testcase classname="com.Functions.AdMonitor_run" name="Feed_2_Ad_VAlidation" time="0">
    <skipped/>
  </testcase>
  <testcase classname="com.Functions.AdMonitor_run" name="afterMethod" time="0.001">
    <skipped/>
  </testcase>
  <testcase classname="com.Functions.AdMonitor_run" name="beforeMethod" time="0.001">
    <skipped/>
  </testcase>
  <testcase classname="com.Functions.AdMonitor_run" name="Feed_3_Ad_Validation" time="0">
    <skipped/>
  </testcase>
  <testcase classname="com.Functions.AdMonitor_run" name="afterMethod" time="0.001">
    <skipped/>
  </testcase>
  <testcase classname="com.Functions.AdMonitor_run" name="beforeMethod" time="0.001">
    <skipped/>
  </testcase>
  <testcase classname="com.Functions.AdMonitor_run" name="Feed_4_Ad_VAlidation" time="0">
    <skipped/>
  </testcase>
  <testcase classname="com.Functions.AdMonitor_run" name="afterMethod" time="0.001">
    <skipped/>
  </testcase>
  <testcase classname="com.Functions.AdMonitor_run" name="beforeMethod" time="0.001">
    <skipped/>
  </testcase>
  <testcase classname="com.Functions.AdMonitor_run" name="Feed_5_Ad_Validation" time="0">
    <skipped/>
  </testcase>
  <testcase classname="com.Functions.AdMonitor_run" name="afterMethod" time="0">
    <skipped/>
  </testcase>
  <testcase classname="com.Functions.AdMonitor_run" name="beforeMethod" time="0.001">
    <skipped/>
  </testcase>
  <testcase classname="com.Functions.AdMonitor_run" name="HourlyPageAd_Validations" time="0">
    <skipped/>
  </testcase>
  <testcase classname="com.Functions.AdMonitor_run" name="afterMethod" time="0.001">
    <skipped/>
  </testcase>
  <testcase classname="com.Functions.AdMonitor_run" name="beforeMethod" time="0.001">
    <skipped/>
  </testcase>
  <testcase classname="com.Functions.AdMonitor_run" name="DailyPageAd_Validations" time="0">
    <skipped/>
  </testcase>
  <testcase classname="com.Functions.AdMonitor_run" name="afterMethod" time="0">
    <skipped/>
  </testcase>
  <testcase classname="com.Functions.AdMonitor_run" name="beforeMethod" time="0.001">
    <skipped/>
  </testcase>
  <testcase classname="com.Functions.AdMonitor_run" name="MapPageAd_Validations" time="0">
    <skipped/>
  </testcase>
  <testcase classname="com.Functions.AdMonitor_run" name="afterMethod" time="0">
    <skipped/>
  </testcase>
  <testcase classname="com.Functions.AdMonitor_run" name="beforeMethod" time="0">
    <skipped/>
  </testcase>
  <testcase classname="com.Functions.AdMonitor_run" name="NewsPageAd_Validations" time="0.001">
    <skipped/>
  </testcase>
  <testcase classname="com.Functions.AdMonitor_run" name="afterMethod" time="0.001">
    <skipped/>
  </testcase>
  <testcase classname="com.Functions.AdMonitor_run" name="beforeMethod" time="0.001">
    <skipped/>
  </testcase>
  <testcase classname="com.Functions.AdMonitor_run" name="HealthPage_cold_Flu_Ad_Validations" time="0">
    <skipped/>
  </testcase>
  <testcase classname="com.Functions.AdMonitor_run" name="afterMethod" time="0">
    <skipped/>
  </testcase>
  <testcase classname="com.Functions.AdMonitor_run" name="beforeMethod" time="0.001">
    <skipped/>
  </testcase>
  <testcase classname="com.Functions.AdMonitor_run" name="HealthPage_Allergy_Ad_Validations" time="0">
    <skipped/>
  </testcase>
  <testcase classname="com.Functions.AdMonitor_run" name="afterMethod" time="0">
    <skipped/>
  </testcase>
  <testcase classname="com.Functions.AdMonitor_run" name="beforeMethod" time="0">
    <skipped/>
  </testcase>
  <testcase classname="com.Functions.AdMonitor_run" name="HealthPage_Ski_Ad_Validations" time="0">
    <skipped/>
  </testcase>
  <testcase classname="com.Functions.AdMonitor_run" name="afterMethod" time="0.001">
    <skipped/>
  </testcase>
  <testcase classname="com.Functions.AdMonitor_run" name="beforeMethod" time="0.001">
    <skipped/>
  </testcase>
  <testcase classname="com.Functions.AdMonitor_run" name="HealthPage_Running_Ad_Validations" time="0">
    <skipped/>
  </testcase>
  <testcase classname="com.Functions.AdMonitor_run" name="afterMethod" time="0">
    <skipped/>
  </testcase>
  <testcase classname="com.Functions.AdMonitor_run" name="beforeMethod" time="0.001">
    <skipped/>
  </testcase>
  <testcase classname="com.Functions.AdMonitor_run" name="HealthPage_Boat_Beach_Ad_Validations" time="0">
    <skipped/>
  </testcase>
  <testcase classname="com.Functions.AdMonitor_run" name="afterMethod" time="0">
    <skipped/>
  </testcase>
  <testcase classname="com.Functions.AdMonitor_run" name="beforeMethod" time="0.001">
    <skipped/>
  </testcase>
  <testcase classname="com.Functions.AdMonitor_run" name="NativAd_Validations" time="0">
    <skipped/>
  </testcase>
  <testcase classname="com.Functions.AdMonitor_run" name="afterMethod" time="0">
    <skipped/>
  </testcase>
  <testcase classname="com.Functions.AdMonitor_run" name="beforeMethod" time="0.001">
    <skipped/>
  </testcase>
  <testcase classname="com.Functions.AdMonitor_run" name="NativBB_Validations" time="0.001">
    <skipped/>
  </testcase>
  <testcase classname="com.Functions.AdMonitor_run" name="afterMethod" time="0.001">
    <skipped/>
  </testcase>
  <testcase classname="com.Functions.AdMonitor_run" name="beforeMethod" time="0.002">
    <skipped/>
  </testcase>
  <testcase classname="com.Functions.AdMonitor_run" name="NativanimatedBB_Validations" time="0">
    <skipped/>
  </testcase>
  <testcase classname="com.Functions.AdMonitor_run" name="afterMethod" time="0.001">
    <skipped/>
  </testcase>
  <testcase classname="com.Functions.AdMonitor_run" name="beforeMethod" time="0.001">
    <skipped/>
  </testcase>
  <testcase classname="com.Functions.AdMonitor_run" name="animatedBBAd_Validations" time="0">
    <skipped/>
  </testcase>
  <testcase classname="com.Functions.AdMonitor_run" name="afterMethod" time="0.001">
    <skipped/>
  </testcase>
  <testcase classname="com.Functions.AdMonitor_run" name="afterTest" time="0.003">
    <skipped/>
  </testcase>
</testsuite>