<?xml version="1.0" encoding="UTF-8"?>
<!-- Generated by org.testng.reporters.JUnitReportReporter -->
<testsuite skipped="1" hostname="MONO-HYD-LAP-14" name="Cosmos_Testcases.LACosmosToIL" tests="12" failures="0" timestamp="20 Sep 2018 12:04:07 GMT" time="1063.964" errors="0">
  <testcase name="selectNBSBranchInward" time="55.701" classname="Cosmos_Testcases.LACosmosToIL"/>
  <testcase name="submitReciept" time="35.970" classname="Cosmos_Testcases.LACosmosToIL"/>
  <testcase name="pendingBranchScrutny" time="19.964" classname="Cosmos_Testcases.LACosmosToIL"/>
  <testcase name="selectDispatch" time="18.912" classname="Cosmos_Testcases.LACosmosToIL"/>
  <testcase name="scanAndIndex" time="38.843" classname="Cosmos_Testcases.LACosmosToIL"/>
  <testcase name="copsInwardBucket" time="22.492" classname="Cosmos_Testcases.LACosmosToIL"/>
  <testcase name="nbsDataEntry" time="233.562" classname="Cosmos_Testcases.LACosmosToIL"/>
  <testcase name="copsQc" time="421.876" classname="Cosmos_Testcases.LACosmosToIL"/>
  <testcase name="UWBucket" time="171.242" classname="Cosmos_Testcases.LACosmosToIL"/>
  <testcase name="applicationTracker" time="12.548" classname="Cosmos_Testcases.LACosmosToIL"/>
  <testcase name="proposalEnquiry" time="32.854" classname="Cosmos_Testcases.LACosmosToIL"/>
  <testcase name="callVerificationBucket" classname="Cosmos_Testcases.LACosmosToIL">
    <skipped/>
  </testcase> <!-- callVerificationBucket -->
</testsuite> <!-- Cosmos_Testcases.LACosmosToIL -->
