<?xml version="1.0" encoding="UTF-8"?>
<!-- Generated by org.testng.reporters.JUnitReportReporter -->
<testsuite skipped="0" hostname="MONO-HYD-LAP-14" name="Cosmos_Testcases.TestClass" tests="1" failures="0" timestamp="18 Sep 2018 12:39:07 GMT" time="0.024" errors="0">
  <testcase name="f" time="0.024" classname="Cosmos_Testcases.TestClass"/>
</testsuite> <!-- Cosmos_Testcases.TestClass -->
