<?xml version="1.0" encoding="UTF-8"?>
<!-- Generated by org.testng.reporters.JUnitReportReporter -->
<testsuite skipped="0" hostname="MONO-HYD-LAP-14" name="Cosmos_Testcases.LA_Cosmos_To_IL" tests="1" failures="0" timestamp="07 Sep 2018 06:21:14 GMT" time="46.371" errors="0">
  <testcase name="callVerfication" time="46.371" classname="Cosmos_Testcases.LA_Cosmos_To_IL"/>
</testsuite> <!-- Cosmos_Testcases.LA_Cosmos_To_IL -->
